{"C:\\society security\\apartment-security\\apps\\api-server\\src\\config\\env.ts": {"path":"C:\\society security\\apartment-security\\apps\\api-server\\src\\config\\env.ts","statementMap":{"0":{"start":{"line":1,"column":0},"end":{"line":1,"column":24}},"1":{"start":{"line":2,"column":0},"end":{"line":2,"column":28}},"2":{"start":{"line":4,"column":0},"end":{"line":4,"column":16}},"3":{"start":{"line":6,"column":18},"end":{"line":39,"column":2}},"4":{"start":{"line":41,"column":15},"end":{"line":41,"column":47}},"5":{"start":{"line":43,"column":0},"end":{"line":47,"column":1}},"6":{"start":{"line":44,"column":2},"end":{"line":44,"column":52}},"7":{"start":{"line":45,"column":2},"end":{"line":45,"column":52}},"8":{"start":{"line":46,"column":2},"end":{"line":46,"column":18}},"9":{"start":{"line":49,"column":13},"end":{"line":49,"column":31}}},"fnMap":{},"branchMap":{"0":{"loc":{"start":{"line":43,"column":0},"end":{"line":47,"column":1}},"type":"if","locations":[{"start":{"line":43,"column":0},"end":{"line":47,"column":1}},{"start":{},"end":{}}]}},"s":{"0":1,"1":1,"2":1,"3":1,"4":1,"5":1,"6":0,"7":0,"8":0,"9":1},"f":{},"b":{"0":[0,1]}}
,"C:\\society security\\apartment-security\\apps\\api-server\\src\\middlewares\\auth.middleware.ts": {"path":"C:\\society security\\apartment-security\\apps\\api-server\\src\\middlewares\\auth.middleware.ts","statementMap":{"0":{"start":{"line":2,"column":0},"end":{"line":2,"column":54}},"1":{"start":{"line":3,"column":0},"end":{"line":3,"column":46}},"2":{"start":{"line":5,"column":28},"end":{"line":24,"column":1}},"3":{"start":{"line":6,"column":2},"end":{"line":23,"column":3}},"4":{"start":{"line":9,"column":4},"end":{"line":11,"column":5}},"5":{"start":{"line":10,"column":6},"end":{"line":10,"column":54}},"6":{"start":{"line":13,"column":4},"end":{"line":15,"column":5}},"7":{"start":{"line":14,"column":6},"end":{"line":14,"column":92}},"8":{"start":{"line":17,"column":20},"end":{"line":17,"column":44}},"9":{"start":{"line":18,"column":4},"end":{"line":18,"column":23}},"10":{"start":{"line":20,"column":4},"end":{"line":20,"column":11}},"11":{"start":{"line":22,"column":4},"end":{"line":22,"column":63}},"12":{"start":{"line":5,"column":13},"end":{"line":5,"column":28}}},"fnMap":{"0":{"name":"(anonymous_0)","decl":{"start":{"line":5,"column":28},"end":{"line":5,"column":29}},"loc":{"start":{"line":5,"column":80},"end":{"line":24,"column":1}}}},"branchMap":{"0":{"loc":{"start":{"line":9,"column":4},"end":{"line":11,"column":5}},"type":"if","locations":[{"start":{"line":9,"column":4},"end":{"line":11,"column":5}},{"start":{},"end":{}}]},"1":{"loc":{"start":{"line":9,"column":8},"end":{"line":9,"column":83}},"type":"binary-expr","locations":[{"start":{"line":9,"column":8},"end":{"line":9,"column":33}},{"start":{"line":9,"column":37},"end":{"line":9,"column":83}}]},"2":{"loc":{"start":{"line":13,"column":4},"end":{"line":15,"column":5}},"type":"if","locations":[{"start":{"line":13,"column":4},"end":{"line":15,"column":5}},{"start":{},"end":{}}]}},"s":{"0":1,"1":1,"2":1,"3":2,"4":2,"5":1,"6":2,"7":1,"8":1,"9":0,"10":0,"11":1,"12":1},"f":{"0":2},"b":{"0":[1,1],"1":[2,1],"2":[1,1]}}
,"C:\\society security\\apartment-security\\apps\\api-server\\src\\middlewares\\error.middleware.ts": {"path":"C:\\society security\\apartment-security\\apps\\api-server\\src\\middlewares\\error.middleware.ts","statementMap":{"0":{"start":{"line":2,"column":0},"end":{"line":2,"column":46}},"1":{"start":{"line":3,"column":0},"end":{"line":3,"column":51}},"2":{"start":{"line":10,"column":4},"end":{"line":10,"column":19}},"3":{"start":{"line":11,"column":4},"end":{"line":11,"column":33}},"4":{"start":{"line":12,"column":4},"end":{"line":12,"column":39}},"5":{"start":{"line":13,"column":4},"end":{"line":13,"column":52}},"6":{"start":{"line":5,"column":0},"end":{"line":5,"column":13}},"7":{"start":{"line":17,"column":28},"end":{"line":45,"column":1}},"8":{"start":{"line":18,"column":2},"end":{"line":18,"column":41}},"9":{"start":{"line":19,"column":2},"end":{"line":19,"column":37}},"10":{"start":{"line":21,"column":2},"end":{"line":26,"column":3}},"11":{"start":{"line":22,"column":4},"end":{"line":22,"column":104}},"12":{"start":{"line":23,"column":4},"end":{"line":23,"column":28}},"13":{"start":{"line":25,"column":4},"end":{"line":25,"column":104}},"14":{"start":{"line":28,"column":2},"end":{"line":30,"column":3}},"15":{"start":{"line":29,"column":4},"end":{"line":29,"column":63}},"16":{"start":{"line":32,"column":2},"end":{"line":37,"column":3}},"17":{"start":{"line":34,"column":5},"end":{"line":36,"column":6}},"18":{"start":{"line":35,"column":9},"end":{"line":35,"column":62}},"19":{"start":{"line":39,"column":2},"end":{"line":41,"column":3}},"20":{"start":{"line":40,"column":4},"end":{"line":40,"column":55}},"21":{"start":{"line":44,"column":2},"end":{"line":44,"column":59}},"22":{"start":{"line":17,"column":13},"end":{"line":17,"column":28}}},"fnMap":{"0":{"name":"(anonymous_0)","decl":{"start":{"line":9,"column":2},"end":{"line":9,"column":14}},"loc":{"start":{"line":9,"column":71},"end":{"line":14,"column":3}}},"1":{"name":"(anonymous_1)","decl":{"start":{"line":17,"column":28},"end":{"line":17,"column":29}},"loc":{"start":{"line":17,"column":90},"end":{"line":45,"column":1}}}},"branchMap":{"0":{"loc":{"start":{"line":9,"column":51},"end":{"line":9,"column":71}},"type":"default-arg","locations":[{"start":{"line":9,"column":67},"end":{"line":9,"column":71}}]},"1":{"loc":{"start":{"line":18,"column":19},"end":{"line":18,"column":40}},"type":"binary-expr","locations":[{"start":{"line":18,"column":19},"end":{"line":18,"column":33}},{"start":{"line":18,"column":37},"end":{"line":18,"column":40}}]},"2":{"loc":{"start":{"line":19,"column":15},"end":{"line":19,"column":36}},"type":"binary-expr","locations":[{"start":{"line":19,"column":15},"end":{"line":19,"column":25}},{"start":{"line":19,"column":29},"end":{"line":19,"column":36}}]},"3":{"loc":{"start":{"line":21,"column":2},"end":{"line":26,"column":3}},"type":"if","locations":[{"start":{"line":21,"column":2},"end":{"line":26,"column":3}},{"start":{"line":24,"column":9},"end":{"line":26,"column":3}}]},"4":{"loc":{"start":{"line":28,"column":2},"end":{"line":30,"column":3}},"type":"if","locations":[{"start":{"line":28,"column":2},"end":{"line":30,"column":3}},{"start":{},"end":{}}]},"5":{"loc":{"start":{"line":32,"column":2},"end":{"line":37,"column":3}},"type":"if","locations":[{"start":{"line":32,"column":2},"end":{"line":37,"column":3}},{"start":{},"end":{}}]},"6":{"loc":{"start":{"line":34,"column":5},"end":{"line":36,"column":6}},"type":"if","locations":[{"start":{"line":34,"column":5},"end":{"line":36,"column":6}},{"start":{},"end":{}}]},"7":{"loc":{"start":{"line":39,"column":2},"end":{"line":41,"column":3}},"type":"if","locations":[{"start":{"line":39,"column":2},"end":{"line":41,"column":3}},{"start":{},"end":{}}]}},"s":{"0":1,"1":1,"2":5,"3":5,"4":5,"5":5,"6":1,"7":1,"8":6,"9":6,"10":6,"11":0,"12":0,"13":6,"14":6,"15":0,"16":6,"17":0,"18":0,"19":6,"20":5,"21":1,"22":1},"f":{"0":5,"1":6},"b":{"0":[5],"1":[6,1],"2":[6,6],"3":[0,6],"4":[0,6],"5":[0,6],"6":[0,0],"7":[5,1]}}
,"C:\\society security\\apartment-security\\apps\\api-server\\src\\middlewares\\role.middleware.ts": {"path":"C:\\society security\\apartment-security\\apps\\api-server\\src\\middlewares\\role.middleware.ts","statementMap":{"0":{"start":{"line":2,"column":0},"end":{"line":2,"column":46}},"1":{"start":{"line":4,"column":27},"end":{"line":16,"column":1}},"2":{"start":{"line":5,"column":2},"end":{"line":15,"column":4}},"3":{"start":{"line":6,"column":4},"end":{"line":8,"column":5}},"4":{"start":{"line":7,"column":6},"end":{"line":7,"column":63}},"5":{"start":{"line":10,"column":4},"end":{"line":12,"column":5}},"6":{"start":{"line":11,"column":6},"end":{"line":11,"column":90}},"7":{"start":{"line":14,"column":4},"end":{"line":14,"column":11}},"8":{"start":{"line":4,"column":13},"end":{"line":4,"column":27}}},"fnMap":{"0":{"name":"(anonymous_0)","decl":{"start":{"line":4,"column":27},"end":{"line":4,"column":28}},"loc":{"start":{"line":4,"column":50},"end":{"line":16,"column":1}}},"1":{"name":"(anonymous_1)","decl":{"start":{"line":5,"column":9},"end":{"line":5,"column":10}},"loc":{"start":{"line":5,"column":61},"end":{"line":15,"column":3}}}},"branchMap":{"0":{"loc":{"start":{"line":6,"column":4},"end":{"line":8,"column":5}},"type":"if","locations":[{"start":{"line":6,"column":4},"end":{"line":8,"column":5}},{"start":{},"end":{}}]},"1":{"loc":{"start":{"line":10,"column":4},"end":{"line":12,"column":5}},"type":"if","locations":[{"start":{"line":10,"column":4},"end":{"line":12,"column":5}},{"start":{},"end":{}}]}},"s":{"0":1,"1":1,"2":3,"3":3,"4":1,"5":2,"6":1,"7":1,"8":1},"f":{"0":3,"1":3},"b":{"0":[1,2],"1":[1,1]}}
,"C:\\society security\\apartment-security\\apps\\api-server\\src\\utils\\jwt.util.ts": {"path":"C:\\society security\\apartment-security\\apps\\api-server\\src\\utils\\jwt.util.ts","statementMap":{"0":{"start":{"line":1,"column":0},"end":{"line":1,"column":31}},"1":{"start":{"line":2,"column":0},"end":{"line":2,"column":36}},"2":{"start":{"line":12,"column":31},"end":{"line":16,"column":1}},"3":{"start":{"line":13,"column":2},"end":{"line":15,"column":5}},"4":{"start":{"line":12,"column":13},"end":{"line":12,"column":31}},"5":{"start":{"line":18,"column":32},"end":{"line":22,"column":1}},"6":{"start":{"line":19,"column":2},"end":{"line":21,"column":5}},"7":{"start":{"line":18,"column":13},"end":{"line":18,"column":32}},"8":{"start":{"line":24,"column":33},"end":{"line":26,"column":1}},"9":{"start":{"line":25,"column":2},"end":{"line":25,"column":59}},"10":{"start":{"line":24,"column":13},"end":{"line":24,"column":33}},"11":{"start":{"line":28,"column":34},"end":{"line":30,"column":1}},"12":{"start":{"line":29,"column":2},"end":{"line":29,"column":67}},"13":{"start":{"line":28,"column":13},"end":{"line":28,"column":34}},"14":{"start":{"line":34,"column":34},"end":{"line":37,"column":1}},"15":{"start":{"line":35,"column":35},"end":{"line":35,"column":70}},"16":{"start":{"line":36,"column":2},"end":{"line":36,"column":35}},"17":{"start":{"line":34,"column":13},"end":{"line":34,"column":34}}},"fnMap":{"0":{"name":"(anonymous_1)","decl":{"start":{"line":12,"column":31},"end":{"line":12,"column":32}},"loc":{"start":{"line":12,"column":65},"end":{"line":16,"column":1}}},"1":{"name":"(anonymous_2)","decl":{"start":{"line":18,"column":32},"end":{"line":18,"column":33}},"loc":{"start":{"line":18,"column":66},"end":{"line":22,"column":1}}},"2":{"name":"(anonymous_3)","decl":{"start":{"line":24,"column":33},"end":{"line":24,"column":34}},"loc":{"start":{"line":24,"column":65},"end":{"line":26,"column":1}}},"3":{"name":"(anonymous_4)","decl":{"start":{"line":28,"column":34},"end":{"line":28,"column":35}},"loc":{"start":{"line":28,"column":66},"end":{"line":30,"column":1}}},"4":{"name":"(anonymous_5)","decl":{"start":{"line":34,"column":34},"end":{"line":34,"column":39}},"loc":{"start":{"line":34,"column":78},"end":{"line":37,"column":1}}}},"branchMap":{},"s":{"0":1,"1":1,"2":1,"3":0,"4":1,"5":1,"6":0,"7":1,"8":1,"9":1,"10":1,"11":1,"12":0,"13":1,"14":1,"15":0,"16":0,"17":1},"f":{"0":0,"1":0,"2":1,"3":0,"4":0},"b":{}}
,"C:\\society security\\apartment-security\\apps\\api-server\\src\\utils\\logger.util.ts": {"path":"C:\\society security\\apartment-security\\apps\\api-server\\src\\utils\\logger.util.ts","statementMap":{"0":{"start":{"line":1,"column":0},"end":{"line":1,"column":30}},"1":{"start":{"line":3,"column":15},"end":{"line":8,"column":null}},"2":{"start":{"line":7,"column":14},"end":{"line":7,"column":64}},"3":{"start":{"line":11,"column":13},"end":{"line":17,"column":3}}},"fnMap":{"0":{"name":"(anonymous_1)","decl":{"start":{"line":7,"column":4},"end":{"line":7,"column":5}},"loc":{"start":{"line":7,"column":14},"end":{"line":7,"column":64}}}},"branchMap":{"0":{"loc":{"start":{"line":12,"column":9},"end":{"line":12,"column":66}},"type":"cond-expr","locations":[{"start":{"line":12,"column":50},"end":{"line":12,"column":57}},{"start":{"line":12,"column":60},"end":{"line":12,"column":66}}]}},"s":{"0":1,"1":1,"2":6,"3":1},"f":{"0":6},"b":{"0":[0,1]}}
,"C:\\society security\\apartment-security\\apps\\api-server\\src\\utils\\qr.util.ts": {"path":"C:\\society security\\apartment-security\\apps\\api-server\\src\\utils\\qr.util.ts","statementMap":{"0":{"start":{"line":1,"column":0},"end":{"line":1,"column":28}},"1":{"start":{"line":2,"column":0},"end":{"line":2,"column":36}},"2":{"start":{"line":11,"column":39},"end":{"line":21,"column":1}},"3":{"start":{"line":12,"column":21},"end":{"line":12,"column":44}},"4":{"start":{"line":13,"column":20},"end":{"line":16,"column":18}},"5":{"start":{"line":19,"column":21},"end":{"line":19,"column":63}},"6":{"start":{"line":20,"column":2},"end":{"line":20,"column":38}},"7":{"start":{"line":11,"column":13},"end":{"line":11,"column":39}},"8":{"start":{"line":23,"column":37},"end":{"line":44,"column":1}},"9":{"start":{"line":24,"column":16},"end":{"line":24,"column":40}},"10":{"start":{"line":25,"column":2},"end":{"line":25,"column":38}},"11":{"start":{"line":25,"column":26},"end":{"line":25,"column":38}},"12":{"start":{"line":27,"column":34},"end":{"line":27,"column":39}},"13":{"start":{"line":28,"column":21},"end":{"line":28,"column":71}},"14":{"start":{"line":30,"column":28},"end":{"line":33,"column":18}},"15":{"start":{"line":35,"column":2},"end":{"line":37,"column":3}},"16":{"start":{"line":36,"column":4},"end":{"line":36,"column":16}},"17":{"start":{"line":39,"column":2},"end":{"line":43,"column":3}},"18":{"start":{"line":40,"column":4},"end":{"line":40,"column":47}},"19":{"start":{"line":42,"column":4},"end":{"line":42,"column":16}},"20":{"start":{"line":23,"column":13},"end":{"line":23,"column":37}}},"fnMap":{"0":{"name":"(anonymous_1)","decl":{"start":{"line":11,"column":39},"end":{"line":11,"column":40}},"loc":{"start":{"line":11,"column":70},"end":{"line":21,"column":1}}},"1":{"name":"(anonymous_2)","decl":{"start":{"line":23,"column":37},"end":{"line":23,"column":38}},"loc":{"start":{"line":23,"column":81},"end":{"line":44,"column":1}}}},"branchMap":{"0":{"loc":{"start":{"line":25,"column":2},"end":{"line":25,"column":38}},"type":"if","locations":[{"start":{"line":25,"column":2},"end":{"line":25,"column":38}},{"start":{},"end":{}}]},"1":{"loc":{"start":{"line":35,"column":2},"end":{"line":37,"column":3}},"type":"if","locations":[{"start":{"line":35,"column":2},"end":{"line":37,"column":3}},{"start":{},"end":{}}]}},"s":{"0":1,"1":1,"2":1,"3":3,"4":3,"5":3,"6":3,"7":1,"8":1,"9":3,"10":3,"11":1,"12":2,"13":2,"14":2,"15":2,"16":1,"17":1,"18":1,"19":0,"20":1},"f":{"0":3,"1":3},"b":{"0":[1,2],"1":[1,1]}}
,"C:\\society security\\apartment-security\\apps\\api-server\\src\\utils\\response.util.ts": {"path":"C:\\society security\\apartment-security\\apps\\api-server\\src\\utils\\response.util.ts","statementMap":{"0":{"start":{"line":3,"column":27},"end":{"line":9,"column":1}},"1":{"start":{"line":4,"column":2},"end":{"line":8,"column":5}},"2":{"start":{"line":3,"column":13},"end":{"line":3,"column":27}},"3":{"start":{"line":11,"column":25},"end":{"line":17,"column":1}},"4":{"start":{"line":12,"column":2},"end":{"line":16,"column":5}},"5":{"start":{"line":11,"column":13},"end":{"line":11,"column":25}}},"fnMap":{"0":{"name":"(anonymous_0)","decl":{"start":{"line":3,"column":27},"end":{"line":3,"column":28}},"loc":{"start":{"line":3,"column":100},"end":{"line":9,"column":1}}},"1":{"name":"(anonymous_1)","decl":{"start":{"line":11,"column":25},"end":{"line":11,"column":26}},"loc":{"start":{"line":11,"column":100},"end":{"line":17,"column":1}}}},"branchMap":{"0":{"loc":{"start":{"line":3,"column":80},"end":{"line":3,"column":96}},"type":"default-arg","locations":[{"start":{"line":3,"column":92},"end":{"line":3,"column":96}}]},"1":{"loc":{"start":{"line":11,"column":78},"end":{"line":11,"column":96}},"type":"default-arg","locations":[{"start":{"line":11,"column":92},"end":{"line":11,"column":96}}]}},"s":{"0":1,"1":0,"2":1,"3":1,"4":6,"5":1},"f":{"0":0,"1":6},"b":{"0":[0],"1":[6]}}
}
