TN:
SF:src\config\env.ts
FNF:0
FNH:0
DA:1,1
DA:2,1
DA:4,1
DA:6,1
DA:41,1
DA:43,1
DA:44,0
DA:45,0
DA:46,0
DA:49,1
LF:10
LH:7
BRDA:43,0,0,0
BRDA:43,0,1,1
BRF:2
BRH:1
end_of_record
TN:
SF:src\middlewares\auth.middleware.ts
FN:5,(anonymous_0)
FNF:1
FNH:1
FNDA:2,(anonymous_0)
DA:2,1
DA:3,1
DA:5,1
DA:6,2
DA:9,2
DA:10,1
DA:13,2
DA:14,1
DA:17,1
DA:18,0
DA:20,0
DA:22,1
LF:12
LH:10
BRDA:9,0,0,1
BRDA:9,0,1,1
BRDA:9,1,0,2
BRDA:9,1,1,1
BRDA:13,2,0,1
BRDA:13,2,1,1
BRF:6
BRH:6
end_of_record
TN:
SF:src\middlewares\error.middleware.ts
FN:9,(anonymous_0)
FN:17,(anonymous_1)
FNF:2
FNH:2
FNDA:5,(anonymous_0)
FNDA:6,(anonymous_1)
DA:2,1
DA:3,1
DA:5,1
DA:10,5
DA:11,5
DA:12,5
DA:13,5
DA:17,1
DA:18,6
DA:19,6
DA:21,6
DA:22,0
DA:23,0
DA:25,6
DA:28,6
DA:29,0
DA:32,6
DA:34,0
DA:35,0
DA:39,6
DA:40,5
DA:44,1
LF:22
LH:17
BRDA:9,0,0,5
BRDA:18,1,0,6
BRDA:18,1,1,1
BRDA:19,2,0,6
BRDA:19,2,1,6
BRDA:21,3,0,0
BRDA:21,3,1,6
BRDA:28,4,0,0
BRDA:28,4,1,6
BRDA:32,5,0,0
BRDA:32,5,1,6
BRDA:34,6,0,0
BRDA:34,6,1,0
BRDA:39,7,0,5
BRDA:39,7,1,1
BRF:15
BRH:10
end_of_record
TN:
SF:src\middlewares\role.middleware.ts
FN:4,(anonymous_0)
FN:5,(anonymous_1)
FNF:2
FNH:2
FNDA:3,(anonymous_0)
FNDA:3,(anonymous_1)
DA:2,1
DA:4,1
DA:5,3
DA:6,3
DA:7,1
DA:10,2
DA:11,1
DA:14,1
LF:8
LH:8
BRDA:6,0,0,1
BRDA:6,0,1,2
BRDA:10,1,0,1
BRDA:10,1,1,1
BRF:4
BRH:4
end_of_record
TN:
SF:src\utils\jwt.util.ts
FN:12,(anonymous_1)
FN:18,(anonymous_2)
FN:24,(anonymous_3)
FN:28,(anonymous_4)
FN:34,(anonymous_5)
FNF:5
FNH:1
FNDA:0,(anonymous_1)
FNDA:0,(anonymous_2)
FNDA:1,(anonymous_3)
FNDA:0,(anonymous_4)
FNDA:0,(anonymous_5)
DA:1,1
DA:2,1
DA:12,1
DA:13,0
DA:18,1
DA:19,0
DA:24,1
DA:25,1
DA:28,1
DA:29,0
DA:34,1
DA:35,0
DA:36,0
LF:13
LH:8
BRF:0
BRH:0
end_of_record
TN:
SF:src\utils\logger.util.ts
FN:7,(anonymous_1)
FNF:1
FNH:1
FNDA:6,(anonymous_1)
DA:1,1
DA:3,1
DA:7,6
DA:11,1
LF:4
LH:4
BRDA:12,0,0,0
BRDA:12,0,1,1
BRF:2
BRH:1
end_of_record
TN:
SF:src\utils\qr.util.ts
FN:11,(anonymous_1)
FN:23,(anonymous_2)
FNF:2
FNH:2
FNDA:3,(anonymous_1)
FNDA:3,(anonymous_2)
DA:1,1
DA:2,1
DA:11,1
DA:12,3
DA:13,3
DA:19,3
DA:20,3
DA:23,1
DA:24,3
DA:25,3
DA:27,2
DA:28,2
DA:30,2
DA:35,2
DA:36,1
DA:39,1
DA:40,1
DA:42,0
LF:18
LH:17
BRDA:25,0,0,1
BRDA:25,0,1,2
BRDA:35,1,0,1
BRDA:35,1,1,1
BRF:4
BRH:4
end_of_record
TN:
SF:src\utils\response.util.ts
FN:3,(anonymous_0)
FN:11,(anonymous_1)
FNF:2
FNH:1
FNDA:0,(anonymous_0)
FNDA:6,(anonymous_1)
DA:3,1
DA:4,0
DA:11,1
DA:12,6
LF:4
LH:3
BRDA:3,0,0,0
BRDA:11,1,0,6
BRF:2
BRH:1
end_of_record
